Arguments: 
  /usr/bin/node /usr/bin/yarn add @babel/cli

PATH: 
  /usr/local/sbin:/usr/local/bin:/usr/sbin:/usr/bin:/sbin:/bin:/usr/games:/usr/local/games

Yarn version: 
  1.22.5

Node version: 
  14.8.0

Platform: 
  linux x64

Trace: 
  SyntaxError: /home/loginloop/Desktop/redux-canteen/package.json: Unexpected token } in JSON at position 188
      at JSON.parse (<anonymous>)
      at /usr/lib/node_modules/yarn/lib/cli.js:1625:59
      at Generator.next (<anonymous>)
      at step (/usr/lib/node_modules/yarn/lib/cli.js:310:30)
      at /usr/lib/node_modules/yarn/lib/cli.js:321:13

npm manifest: 
  {
    "name": "redux-canteen",
    "version": "1.0.0",
    "description": "",
    "main": "server.js",
    "scripts": {
      "start": "nodemon --watch backend --exec babel-node backend/server.js",
    },
    "author": "Vishu Kaushik",
    "license": "ISC",
    "dependencies": {
      "express": "^4.17.1"
    }
  }

yarn manifest: 
  No manifest

Lockfile: 
  No lockfile
